2021-03-26 14:57:38,168 [django.utils.autoreload:617] [autoreload:run_with_reloader] [INFO] Watching for file changes with StatReloader
2021-03-26 14:59:56,528 [django.utils.autoreload:617] [autoreload:run_with_reloader] [INFO] Watching for file changes with StatReloader
2021-03-26 15:04:49,223 [django.utils.autoreload:617] [autoreload:run_with_reloader] [INFO] Watching for file changes with StatReloader
2021-03-26 15:06:32,141 [django.utils.autoreload:598] [autoreload:run_with_reloader] [INFO] Watching for file changes with StatReloader
2021-03-26 15:06:39,373 [django.server:157] [basehttp:log_message] [INFO] "GET / HTTP/1.1" 200 27752
2021-03-26 15:06:39,596 [django.server:157] [basehttp:log_message] [INFO] "GET / HTTP/1.1" 200 27752
2021-03-26 15:06:44,398 [django.server:157] [basehttp:log_message] [INFO] "GET /static/js/get_data.js HTTP/1.1" 200 3951
2021-03-26 15:06:45,190 [django.server:157] [basehttp:log_message] [INFO] "GET /static/css/app.css HTTP/1.1" 200 379
2021-03-26 15:06:45,192 [django.server:157] [basehttp:log_message] [INFO] "GET /static/fontawesome-free-5.11.2-web/css/all.min.css HTTP/1.1" 200 56842
2021-03-26 15:06:45,205 [django.server:157] [basehttp:log_message] [INFO] "GET /static/css/bulma.css HTTP/1.1" 200 521035
2021-03-26 15:06:45,239 [django.server:157] [basehttp:log_message] [INFO] "GET /static/js/base.js HTTP/1.1" 200 8198
2021-03-26 15:06:45,261 [django.server:157] [basehttp:log_message] [INFO] "GET /static/images/logo.png HTTP/1.1" 200 19776
2021-03-26 15:07:10,457 [django.server:157] [basehttp:log_message] [INFO] "GET /stockapi/getRankList?csrfmiddlewaretoken=DkvRM3RZ5zDx6BVACGQkzH18H8TPZHudCthn7mQAAT5HhkSxG24VFk1DAy4X45ks HTTP/1.1" 200 6893
2021-03-26 15:07:10,475 [django.server:157] [basehttp:log_message] [INFO] "GET /user/getfav?csrfmiddlewaretoken=DkvRM3RZ5zDx6BVACGQkzH18H8TPZHudCthn7mQAAT5HhkSxG24VFk1DAy4X45ks HTTP/1.1" 200 447
2021-03-26 15:07:10,603 [django.server:157] [basehttp:log_message] [INFO] "GET /static/fontawesome-free-5.11.2-web/webfonts/fa-solid-900.woff2 HTTP/1.1" 200 75728
2021-03-26 15:07:10,644 [django.server:157] [basehttp:log_message] [INFO] "GET /favicon.ico HTTP/1.1" 302 0
2021-03-26 15:07:10,653 [django.server:157] [basehttp:log_message] [INFO] "GET /static/fav.ico HTTP/1.1" 200 563
2021-03-26 15:07:12,167 [django.server:157] [basehttp:log_message] [INFO] "GET /admin HTTP/1.1" 301 0
2021-03-26 15:07:12,850 [django.server:157] [basehttp:log_message] [INFO] "GET /admin/ HTTP/1.1" 200 23137
2021-03-26 15:07:12,962 [django.server:157] [basehttp:log_message] [INFO] "GET /static/admin/simpleui-x/css/index.css?_=3.2 HTTP/1.1" 200 7134
2021-03-26 15:07:12,977 [django.server:157] [basehttp:log_message] [INFO] "GET /static/admin/simpleui-x/waves/waves.min.css?_=2.1 HTTP/1.1" 200 3861
2021-03-26 15:07:13,060 [django.server:157] [basehttp:log_message] [INFO] "GET /static/admin/simpleui-x/automatic/segment.js?_=4.0 HTTP/1.1" 200 1448
2021-03-26 15:07:13,068 [django.server:157] [basehttp:log_message] [INFO] "GET /static/admin/simpleui-x/js/cookie.js?_=4.0 HTTP/1.1" 200 522
2021-03-26 15:07:13,073 [django.server:157] [basehttp:log_message] [INFO] "GET /static/admin/simpleui-x/locale/zh-hans.js?_=4.0 HTTP/1.1" 200 1254
2021-03-26 15:07:13,077 [django.server:157] [basehttp:log_message] [INFO] "GET /static/admin/simpleui-x/theme/theme.js?_=4.0 HTTP/1.1" 200 4274
2021-03-26 15:07:13,079 [django.server:157] [basehttp:log_message] [INFO] "GET /static/admin/simpleui-x/automatic/dicts.js?_=4.0 HTTP/1.1" 200 5606
2021-03-26 15:07:13,084 [django.server:157] [basehttp:log_message] [INFO] "GET /static/admin/simpleui-x/locale/en-us.js?_=4.0 HTTP/1.1" 200 811
2021-03-26 15:07:13,113 [django.server:157] [basehttp:log_message] [INFO] "GET /static/admin/simpleui-x/waves/waves.min.js?_=4.0 HTTP/1.1" 200 6329
2021-03-26 15:07:13,123 [django.server:157] [basehttp:log_message] [INFO] "GET /static/admin/simpleui-x/img/logo.png HTTP/1.1" 200 115997
2021-03-26 15:07:13,132 [django.server:157] [basehttp:log_message] [INFO] "GET /static/admin/simpleui-x/js/index.js?_=4.0 HTTP/1.1" 200 19989
2021-03-26 15:07:47,437 [django.server:157] [basehttp:log_message] [INFO] "GET /details/688023 HTTP/1.1" 200 112751
2021-03-26 15:07:47,677 [django.server:157] [basehttp:log_message] [INFO] "GET /static/js/detail.js HTTP/1.1" 200 14070
2021-03-26 15:07:47,896 [django.server:157] [basehttp:log_message] [INFO] "GET /user/getfav?csrfmiddlewaretoken=OTjMfESKjqVrC9CZGY0DW3SLVGvSbNzQN25iAXRlOKnBNSzWKkee2GSgO6G0gbp5 HTTP/1.1" 200 447
2021-03-26 15:07:47,896 [django.server:157] [basehttp:log_message] [INFO] "GET /stockapi/getRankList?csrfmiddlewaretoken=OTjMfESKjqVrC9CZGY0DW3SLVGvSbNzQN25iAXRlOKnBNSzWKkee2GSgO6G0gbp5 HTTP/1.1" 200 6893
2021-03-26 15:07:49,071 [django.server:157] [basehttp:log_message] [INFO] "POST /stockapi/follow HTTP/1.1" 200 33
2021-03-26 15:07:49,112 [django.server:157] [basehttp:log_message] [INFO] "GET /user/getfav?csrfmiddlewaretoken=OTjMfESKjqVrC9CZGY0DW3SLVGvSbNzQN25iAXRlOKnBNSzWKkee2GSgO6G0gbp5 HTTP/1.1" 200 298
2021-03-26 15:07:55,364 [django.server:157] [basehttp:log_message] [INFO] "GET /details/601766 HTTP/1.1" 200 754728
2021-03-26 15:07:55,736 [django.server:157] [basehttp:log_message] [INFO] "GET /user/getfav?csrfmiddlewaretoken=c02Tw9ndpPySVxb7hPgKH1uCL9snDztab9OpRsmOU9026g84lbulNEu7EzDvIXjp HTTP/1.1" 200 298
2021-03-26 15:07:55,761 [django.server:157] [basehttp:log_message] [INFO] "GET /stockapi/getRankList?csrfmiddlewaretoken=c02Tw9ndpPySVxb7hPgKH1uCL9snDztab9OpRsmOU9026g84lbulNEu7EzDvIXjp HTTP/1.1" 200 6893
2021-03-26 15:07:58,756 [django.server:157] [basehttp:log_message] [INFO] "GET /details/601318 HTTP/1.1" 200 761767
2021-03-26 15:07:59,138 [django.server:157] [basehttp:log_message] [INFO] "GET /user/getfav?csrfmiddlewaretoken=BZjJCZir3zK5t8WabH6yde9p1UDKc5XUA85fXih2yTcfERT7f3k9jR9UUkOShtN9 HTTP/1.1" 200 298
2021-03-26 15:07:59,148 [django.server:157] [basehttp:log_message] [INFO] "GET /stockapi/getRankList?csrfmiddlewaretoken=BZjJCZir3zK5t8WabH6yde9p1UDKc5XUA85fXih2yTcfERT7f3k9jR9UUkOShtN9 HTTP/1.1" 200 6893
2021-03-26 15:08:36,824 [django.server:157] [basehttp:log_message] [INFO] "GET /ranktype/hangye/1 HTTP/1.1" 200 21368
2021-03-26 15:08:37,064 [django.server:157] [basehttp:log_message] [INFO] "GET /user/getfav?csrfmiddlewaretoken=lBsTyi4smfDJcBwTyoluKZ7KgjeWHFnUkKepTB33Rz5TnktQCKz5QC7f9Jp4M3d9 HTTP/1.1" 200 298
2021-03-26 15:08:37,096 [django.server:157] [basehttp:log_message] [INFO] "GET /stockapi/getRankList?csrfmiddlewaretoken=lBsTyi4smfDJcBwTyoluKZ7KgjeWHFnUkKepTB33Rz5TnktQCKz5QC7f9Jp4M3d9 HTTP/1.1" 200 6893
2021-03-26 15:08:41,695 [django.server:157] [basehttp:log_message] [INFO] "GET /ranktype/hangye/2 HTTP/1.1" 200 21476
2021-03-26 15:08:41,911 [django.server:157] [basehttp:log_message] [INFO] "GET /user/getfav?csrfmiddlewaretoken=GmFRetZzhr9JFagGtGZnCbTbhZFG9SUZFvrnzMYaMLBTQTdDx2dYIOTGapQOegKe HTTP/1.1" 200 298
2021-03-26 15:08:41,927 [django.server:157] [basehttp:log_message] [INFO] "GET /stockapi/getRankList?csrfmiddlewaretoken=GmFRetZzhr9JFagGtGZnCbTbhZFG9SUZFvrnzMYaMLBTQTdDx2dYIOTGapQOegKe HTTP/1.1" 200 6893
2021-03-26 15:08:43,277 [django.server:157] [basehttp:log_message] [INFO] "GET /ranktype/hangye/3 HTTP/1.1" 200 22146
2021-03-26 15:08:43,486 [django.server:157] [basehttp:log_message] [INFO] "GET /user/getfav?csrfmiddlewaretoken=bTrkj4wkuqGzipV4Gs4SrONGLuKTLiaHa2dQEnvVZK8Jt8S1KOitxrNbEUV1QG0W HTTP/1.1" 200 298
2021-03-26 15:08:43,491 [django.server:157] [basehttp:log_message] [INFO] "GET /stockapi/getRankList?csrfmiddlewaretoken=bTrkj4wkuqGzipV4Gs4SrONGLuKTLiaHa2dQEnvVZK8Jt8S1KOitxrNbEUV1QG0W HTTP/1.1" 200 6893
2021-03-26 15:08:45,058 [django.server:157] [basehttp:log_message] [INFO] "GET /ranktype/hangye/4 HTTP/1.1" 200 12347
2021-03-26 15:08:45,246 [django.server:157] [basehttp:log_message] [INFO] "GET /user/getfav?csrfmiddlewaretoken=ogJTZiYdBzwbuWgCtTIkj68bntM6uJBbnpvpkBXO6TYlFFdzxfWVpJ8GgTXez7rq HTTP/1.1" 200 298
2021-03-26 15:08:45,249 [django.server:157] [basehttp:log_message] [INFO] "GET /stockapi/getRankList?csrfmiddlewaretoken=ogJTZiYdBzwbuWgCtTIkj68bntM6uJBbnpvpkBXO6TYlFFdzxfWVpJ8GgTXez7rq HTTP/1.1" 200 6893
2021-03-26 15:08:47,567 [django.server:157] [basehttp:log_message] [INFO] "GET /ranktype/hangye/1 HTTP/1.1" 200 21368
2021-03-26 15:08:47,765 [django.server:157] [basehttp:log_message] [INFO] "GET /stockapi/getRankList?csrfmiddlewaretoken=aJtsjn9n89OAuu8MrYCcOHH9raXNafjU9SfYEG8YDtgKFd5JvkQNUkHEkA8VfD99 HTTP/1.1" 200 6893
2021-03-26 15:08:47,766 [django.server:157] [basehttp:log_message] [INFO] "GET /user/getfav?csrfmiddlewaretoken=aJtsjn9n89OAuu8MrYCcOHH9raXNafjU9SfYEG8YDtgKFd5JvkQNUkHEkA8VfD99 HTTP/1.1" 200 298
2021-03-26 15:08:50,794 [django.server:157] [basehttp:log_message] [INFO] "POST /stockapi/search HTTP/1.1" 200 49
2021-03-26 15:08:50,882 [django.server:157] [basehttp:log_message] [INFO] "POST /stockapi/search HTTP/1.1" 200 49
2021-03-26 15:08:51,012 [django.server:157] [basehttp:log_message] [INFO] "POST /stockapi/search HTTP/1.1" 200 49
2021-03-26 15:08:51,378 [django.server:157] [basehttp:log_message] [INFO] "POST /stockapi/search HTTP/1.1" 200 49
2021-03-26 15:08:51,661 [django.server:157] [basehttp:log_message] [INFO] "POST /stockapi/search HTTP/1.1" 200 49
2021-03-26 15:08:51,794 [django.server:157] [basehttp:log_message] [INFO] "POST /stockapi/search HTTP/1.1" 200 49
2021-03-26 15:08:51,794 [django.server:157] [basehttp:log_message] [INFO] "POST /stockapi/search HTTP/1.1" 200 49
2021-03-26 15:08:52,498 [django.server:157] [basehttp:log_message] [INFO] "POST /stockapi/search HTTP/1.1" 200 354
2021-03-26 15:09:09,224 [django.server:157] [basehttp:log_message] [INFO] "GET /details/601606 HTTP/1.1" 200 196386
2021-03-26 15:09:09,612 [django.server:157] [basehttp:log_message] [INFO] "GET /user/getfav?csrfmiddlewaretoken=0MmDv6BToqIZHNHRQ9R6UVlVt4GD8zzkZV89QpAuTKa9SwEOUv5H0ylqmuRLdXpz HTTP/1.1" 200 298
2021-03-26 15:09:09,637 [django.server:157] [basehttp:log_message] [INFO] "GET /stockapi/getRankList?csrfmiddlewaretoken=0MmDv6BToqIZHNHRQ9R6UVlVt4GD8zzkZV89QpAuTKa9SwEOUv5H0ylqmuRLdXpz HTTP/1.1" 200 6893
2021-03-26 15:09:28,950 [django.server:157] [basehttp:log_message] [INFO] "GET /details/601318 HTTP/1.1" 200 761767
2021-03-26 15:09:29,411 [django.server:157] [basehttp:log_message] [INFO] "GET /user/getfav?csrfmiddlewaretoken=v4TlRDKfcSGjLlKTwayUqzE4NofMveYiudFRcWJQHc8tW4HQAwMvwcEzGOqUACOx HTTP/1.1" 200 298
2021-03-26 15:09:29,419 [django.server:157] [basehttp:log_message] [INFO] "GET /stockapi/getRankList?csrfmiddlewaretoken=v4TlRDKfcSGjLlKTwayUqzE4NofMveYiudFRcWJQHc8tW4HQAwMvwcEzGOqUACOx HTTP/1.1" 200 6893
2021-03-26 15:10:07,435 [django.server:157] [basehttp:log_message] [INFO] "GET /details/601766 HTTP/1.1" 200 754728
2021-03-26 15:10:07,894 [django.server:157] [basehttp:log_message] [INFO] "GET /user/getfav?csrfmiddlewaretoken=PDtvJIpnLJwNWnNY3Hefke1cAOMPPTIuOMf141oYg3YX76KV73sQqR1HteXXUhyJ HTTP/1.1" 200 298
2021-03-26 15:10:07,921 [django.server:157] [basehttp:log_message] [INFO] "GET /stockapi/getRankList?csrfmiddlewaretoken=PDtvJIpnLJwNWnNY3Hefke1cAOMPPTIuOMf141oYg3YX76KV73sQqR1HteXXUhyJ HTTP/1.1" 200 6893
2021-03-26 15:10:34,000 [django.server:157] [basehttp:log_message] [INFO] "GET / HTTP/1.1" 200 27752
2021-03-26 15:10:34,312 [django.server:157] [basehttp:log_message] [INFO] "GET /user/getfav?csrfmiddlewaretoken=sQXiZQej9Ha07XNAEToD2b4X08VTZfC6rZJOk9dUE1CaiGKxIfCe8O4sTy614Dsl HTTP/1.1" 200 298
2021-03-26 15:10:34,318 [django.server:157] [basehttp:log_message] [INFO] "GET /stockapi/getRankList?csrfmiddlewaretoken=sQXiZQej9Ha07XNAEToD2b4X08VTZfC6rZJOk9dUE1CaiGKxIfCe8O4sTy614Dsl HTTP/1.1" 200 6893
2021-03-26 15:10:45,203 [django.server:157] [basehttp:log_message] [INFO] "GET /admin/user/user_stock/ HTTP/1.1" 200 25307
2021-03-26 15:10:45,286 [django.server:157] [basehttp:log_message] [INFO] "GET /static/admin/css/base.css HTTP/1.1" 200 16206
2021-03-26 15:10:45,287 [django.server:157] [basehttp:log_message] [INFO] "GET /static/admin/simpleui-x/theme/simpleui.css HTTP/1.1" 200 4421
2021-03-26 15:10:45,289 [django.server:157] [basehttp:log_message] [INFO] "GET /static/admin/simpleui-x/css/base.css?_=2.7 HTTP/1.1" 200 3205
2021-03-26 15:10:45,290 [django.server:157] [basehttp:log_message] [INFO] "GET /static/admin/simpleui-x/js/language.js?_=2.1.2 HTTP/1.1" 200 189
2021-03-26 15:10:45,291 [django.server:157] [basehttp:log_message] [INFO] "GET /static/admin/simpleui-x/locale/en-us.js?_=2.1.2 HTTP/1.1" 200 811
2021-03-26 15:10:45,298 [django.server:157] [basehttp:log_message] [INFO] "GET /static/admin/css/changelists.css?_=20180905 HTTP/1.1" 200 6305
2021-03-26 15:10:45,310 [django.server:157] [basehttp:log_message] [INFO] "GET /static/admin/simpleui-x/js/cookie.js HTTP/1.1" 200 522
2021-03-26 15:10:45,310 [django.server:157] [basehttp:log_message] [INFO] "GET /static/admin/simpleui-x/locale/zh-hans.js HTTP/1.1" 200 1254
2021-03-26 15:10:45,325 [django.server:157] [basehttp:log_message] [INFO] "GET /admin/jsi18n/ HTTP/1.1" 200 7722
2021-03-26 15:10:45,328 [django.server:157] [basehttp:log_message] [INFO] "GET /static/admin/js/jquery.init.js HTTP/1.1" 200 363
2021-03-26 15:10:45,329 [django.server:157] [basehttp:log_message] [INFO] "GET /static/admin/js/core.js HTTP/1.1" 200 7127
2021-03-26 15:10:45,335 [django.server:157] [basehttp:log_message] [INFO] "GET /static/admin/css/responsive.css?_=20180905 HTTP/1.1" 200 17867
2021-03-26 15:10:45,337 [django.server:157] [basehttp:log_message] [INFO] "GET /static/admin/css/fonts.css HTTP/1.1" 200 423
2021-03-26 15:10:45,342 [django.server:157] [basehttp:log_message] [INFO] "GET /static/admin/js/prepopulate.js HTTP/1.1" 200 1544
2021-03-26 15:10:45,349 [django.server:157] [basehttp:log_message] [INFO] "GET /static/admin/js/actions.js HTTP/1.1" 200 6778
2021-03-26 15:10:45,349 [django.server:157] [basehttp:log_message] [INFO] "GET /static/admin/js/vendor/jquery/jquery.js HTTP/1.1" 200 360615
2021-03-26 15:10:45,354 [django.server:157] [basehttp:log_message] [INFO] "GET /static/admin/simpleui-x/automatic/dicts.js HTTP/1.1" 200 5606
2021-03-26 15:10:45,356 [django.server:157] [basehttp:log_message] [INFO] "GET /static/admin/js/admin/RelatedObjectLookups.js HTTP/1.1" 200 6907
2021-03-26 15:10:45,358 [django.server:157] [basehttp:log_message] [INFO] "GET /static/admin/simpleui-x/automatic/segment.js HTTP/1.1" 200 1448
2021-03-26 15:10:45,365 [django.server:157] [basehttp:log_message] [INFO] "GET /static/admin/js/vendor/xregexp/xregexp.js HTTP/1.1" 200 131709
2021-03-26 15:10:45,371 [django.server:157] [basehttp:log_message] [INFO] "GET /static/admin/js/vendor/jquery/jquery.min.js HTTP/1.1" 200 85659
2021-03-26 15:10:45,383 [django.server:157] [basehttp:log_message] [INFO] "GET /static/admin/js/urlify.js HTTP/1.1" 200 8733
2021-03-26 15:10:45,525 [django.server:157] [basehttp:log_message] [INFO] "GET /static/admin/fonts/Roboto-Regular-webfont.woff HTTP/1.1" 200 80304
2021-03-26 15:10:45,566 [django.server:157] [basehttp:log_message] [INFO] "GET /static/admin/fonts/Roboto-Bold-webfont.woff HTTP/1.1" 200 82564
2021-03-26 15:10:50,996 [django.server:157] [basehttp:log_message] [INFO] "GET /admin/stockapi/typeranklist/ HTTP/1.1" 200 44963
2021-03-26 15:10:51,061 [django.server:157] [basehttp:log_message] [INFO] "GET /admin/jsi18n/ HTTP/1.1" 200 7722
2021-03-26 15:10:51,245 [django.server:157] [basehttp:log_message] [INFO] "GET /static/admin/img/sorting-icons.svg HTTP/1.1" 200 1149
2021-03-26 15:10:51,274 [django.server:157] [basehttp:log_message] [INFO] "GET /static/admin/fonts/Roboto-Light-webfont.woff HTTP/1.1" 200 81348
2021-03-26 15:10:59,330 [django.server:157] [basehttp:log_message] [INFO] "GET /admin/auth/user/ HTTP/1.1" 200 30614
2021-03-26 15:10:59,405 [django.server:157] [basehttp:log_message] [INFO] "GET /admin/jsi18n/ HTTP/1.1" 200 7722
2021-03-26 15:10:59,434 [django.server:157] [basehttp:log_message] [INFO] "GET /static/admin/img/icon-yes.svg HTTP/1.1" 200 448
2021-03-26 15:10:59,467 [django.server:157] [basehttp:log_message] [INFO] "GET /static/admin/img/icon-no.svg HTTP/1.1" 200 572
2021-03-26 15:11:04,950 [django.server:157] [basehttp:log_message] [INFO] "GET /admin/auth/group/ HTTP/1.1" 200 22045
2021-03-26 15:11:05,026 [django.server:157] [basehttp:log_message] [INFO] "GET /admin/jsi18n/ HTTP/1.1" 200 7722
2021-03-26 15:11:19,622 [django.server:157] [basehttp:log_message] [INFO] "GET /admin/stockapi/stockinfo/ HTTP/1.1" 200 50717
2021-03-26 15:11:19,713 [django.server:157] [basehttp:log_message] [INFO] "GET /admin/jsi18n/ HTTP/1.1" 200 7722
2021-03-26 15:11:19,732 [django.server:157] [basehttp:log_message] [INFO] "GET /static/djangoql/css/completion.css HTTP/1.1" 200 573
2021-03-26 15:11:19,775 [django.server:157] [basehttp:log_message] [INFO] "GET /static/djangoql/css/completion_admin.css HTTP/1.1" 200 416
2021-03-26 15:11:19,796 [django.server:157] [basehttp:log_message] [INFO] "GET /static/djangoql/js/lib/lexer.js HTTP/1.1" 200 4632
2021-03-26 15:11:19,804 [django.server:157] [basehttp:log_message] [INFO] "GET /static/djangoql/js/completion.js HTTP/1.1" 200 30145
2021-03-26 15:11:19,821 [django.server:157] [basehttp:log_message] [INFO] "GET /static/djangoql/js/completion_admin.js HTTP/1.1" 200 3093
2021-03-26 15:11:20,017 [django.server:157] [basehttp:log_message] [INFO] "GET /admin/stockapi/stockinfo/introspect/ HTTP/1.1" 200 1691
